<?xml version="1.0" encoding="UTF-8"?>
<testsuite xmlns:xsi="http://www.w3.org/2001/XMLSchema-instance" xsi:noNamespaceSchemaLocation="https://maven.apache.org/surefire/maven-surefire-plugin/xsd/surefire-test-report-3.0.xsd" version="3.0" name="InjectedTest" time="11.579" tests="4" errors="0" skipped="0" failures="0">
  <properties>
[...]
</properties>
  <testcase name="" classname="org.jvnet.hudson.test.JellyTestSuiteBuilder$JellyCheck" time="0.024">
    <system-out><![CDATA[Running tests for io.jenkins.plugins:dx-data-sharer:1.0-SNAPSHOT
]]></system-out>
    <system-err><![CDATA[Apr 03, 2024 11:40:30 AM org.jvnet.hudson.test.WarExploder explode
INFO: Picking up existing exploded jenkins.war at /Users/matt/jenkins/jenkins-plugins/target/jenkins-for-test
Apr 03, 2024 11:40:30 AM org.eclipse.jetty.server.handler.ContextHandler setContextPath
WARNING: Empty contextPath
Apr 03, 2024 11:40:30 AM org.eclipse.jetty.server.Server doStart
INFO: jetty-10.0.20; built: 2024-01-29T20:46:45.278Z; git: 3a745c71c23682146f262b99f4ddc4c1bc41630c; jvm 17.0.9+9
Apr 03, 2024 11:40:30 AM org.eclipse.jetty.webapp.StandardDescriptorProcessor visitServlet
INFO: NO JSP Support for /, did not find org.eclipse.jetty.jsp.JettyJspServlet
Apr 03, 2024 11:40:30 AM org.eclipse.jetty.server.session.DefaultSessionIdManager doStart
INFO: Session workerName=node0
Apr 03, 2024 11:40:30 AM org.eclipse.jetty.server.handler.ContextHandler doStart
INFO: Started o.e.j.w.WebAppContext@41fed14f{Jenkins v2.414.3,/,file:///Users/matt/jenkins/jenkins-plugins/target/jenkins-for-test/,AVAILABLE}{/Users/matt/jenkins/jenkins-plugins/target/jenkins-for-test}
Apr 03, 2024 11:40:30 AM org.eclipse.jetty.server.AbstractConnector doStart
INFO: Started ServerConnector@325bb9a6{HTTP/1.1, (http/1.1)}{localhost:53622}
Apr 03, 2024 11:40:30 AM org.eclipse.jetty.server.Server doStart
INFO: Started Server@52a70627{STARTING}[10.0.20,sto=0] @1772ms
Apr 03, 2024 11:40:31 AM jenkins.InitReactorRunner$1 onAttained
INFO: Started initialization
Apr 03, 2024 11:40:31 AM hudson.PluginManager considerDetachedPlugin
INFO: Loading a detached plugin as a dependency: /var/folders/5l/kzl7jbgs40d2gq1rk53dzfxr0000gn/T/jenkins11813967716597202983/plugins/mina-sshd-api-common.jpi
Apr 03, 2024 11:40:31 AM hudson.PluginManager considerDetachedPlugin
INFO: Loading a detached plugin as a dependency: /var/folders/5l/kzl7jbgs40d2gq1rk53dzfxr0000gn/T/jenkins11813967716597202983/plugins/mina-sshd-api-core.jpi
Apr 03, 2024 11:40:31 AM hudson.PluginManager considerDetachedPlugin
INFO: Loading a detached plugin as a dependency: /var/folders/5l/kzl7jbgs40d2gq1rk53dzfxr0000gn/T/jenkins11813967716597202983/plugins/sshd.jpi
Apr 03, 2024 11:40:31 AM hudson.PluginManager considerDetachedPlugin
INFO: Loading a detached plugin as a dependency: /var/folders/5l/kzl7jbgs40d2gq1rk53dzfxr0000gn/T/jenkins11813967716597202983/plugins/javax-activation-api.jpi
Apr 03, 2024 11:40:31 AM hudson.PluginManager considerDetachedPlugin
INFO: Loading a detached plugin as a dependency: /var/folders/5l/kzl7jbgs40d2gq1rk53dzfxr0000gn/T/jenkins11813967716597202983/plugins/javax-mail-api.jpi
Apr 03, 2024 11:40:31 AM hudson.PluginManager considerDetachedPlugin
INFO: Loading a detached plugin as a dependency: /var/folders/5l/kzl7jbgs40d2gq1rk53dzfxr0000gn/T/jenkins11813967716597202983/plugins/jaxb.jpi
Apr 03, 2024 11:40:31 AM hudson.PluginManager considerDetachedPlugin
INFO: Loading a detached plugin as a dependency: /var/folders/5l/kzl7jbgs40d2gq1rk53dzfxr0000gn/T/jenkins11813967716597202983/plugins/trilead-api.jpi
Apr 03, 2024 11:40:32 AM jenkins.InitReactorRunner$1 onAttained
INFO: Listed all plugins
Apr 03, 2024 11:40:32 AM jenkins.bouncycastle.api.BouncyCastlePlugin start
INFO: /Users/matt/jenkins/jenkins-plugins/target/tmp/j h235382240541674445/plugins/bouncycastle-api/WEB-INF/optional-lib not found; for non RealJenkinsRule this is fine and can be ignored.
Apr 03, 2024 11:40:33 AM jenkins.InitReactorRunner$1 onAttained
INFO: Prepared all plugins
Apr 03, 2024 11:40:33 AM jenkins.InitReactorRunner$1 onAttained
INFO: Started all plugins
Apr 03, 2024 11:40:33 AM jenkins.InitReactorRunner$1 onAttained
INFO: Augmented all extensions
Apr 03, 2024 11:40:34 AM jenkins.InitReactorRunner$1 onAttained
INFO: System config loaded
Apr 03, 2024 11:40:34 AM jenkins.InitReactorRunner$1 onAttained
INFO: System config adapted
Apr 03, 2024 11:40:34 AM jenkins.InitReactorRunner$1 onAttained
INFO: Loaded all jobs
Apr 03, 2024 11:40:34 AM jenkins.InitReactorRunner$1 onAttained
INFO: Configuration for all jobs updated
Apr 03, 2024 11:40:34 AM jenkins.InitReactorRunner$1 onAttained
INFO: Completed initialization
Apr 03, 2024 11:40:35 AM org.eclipse.jetty.server.Server doStart
INFO: jetty-10.0.20; built: 2024-01-29T20:46:45.278Z; git: 3a745c71c23682146f262b99f4ddc4c1bc41630c; jvm 17.0.9+9
Apr 03, 2024 11:40:35 AM org.eclipse.jetty.server.session.DefaultSessionIdManager doStart
INFO: Session workerName=node0
Apr 03, 2024 11:40:35 AM org.eclipse.jetty.server.handler.ContextHandler doStart
INFO: Started o.e.j.s.ServletContextHandler@1d1cbd0f{/,null,AVAILABLE}
Apr 03, 2024 11:40:35 AM org.eclipse.jetty.server.AbstractConnector doStart
INFO: Started ServerConnector@3af7d855{HTTP/1.1, (http/1.1)}{0.0.0.0:53625}
Apr 03, 2024 11:40:35 AM org.eclipse.jetty.server.Server doStart
INFO: Started Server@f88bfbe{STARTING}[10.0.20,sto=0] @6038ms
]]></system-err>
  </testcase>
  <testcase name="testCliSanity" classname="InjectedTest" time="0.013"/>
  <testcase name="testPluginActive" classname="InjectedTest" time="0.001"/>
  <testcase name="" classname="org.jvnet.hudson.test.junit.FailedTest" time="0.0">
    <system-err><![CDATA[Apr 03, 2024 11:40:36 AM org.eclipse.jetty.server.Server doStop
INFO: Stopped Server@52a70627{STOPPING}[10.0.20,sto=0]
Apr 03, 2024 11:40:36 AM org.eclipse.jetty.server.AbstractConnector doStop
INFO: Stopped ServerConnector@325bb9a6{HTTP/1.1, (http/1.1)}{localhost:0}
Apr 03, 2024 11:40:36 AM org.eclipse.jetty.server.handler.ContextHandler doStop
INFO: Stopped o.e.j.w.WebAppContext@41fed14f{Jenkins v2.414.3,/,file:///Users/matt/jenkins/jenkins-plugins/target/jenkins-for-test/,STOPPED}{/Users/matt/jenkins/jenkins-plugins/target/jenkins-for-test}
Apr 03, 2024 11:40:36 AM hudson.lifecycle.Lifecycle onStatusUpdate
INFO: Stopping Jenkins
Apr 03, 2024 11:40:41 AM hudson.lifecycle.Lifecycle onStatusUpdate
INFO: Jenkins stopped
Apr 03, 2024 11:40:41 AM org.jvnet.hudson.test.TemporaryDirectoryAllocator dispose
INFO: deleting /Users/matt/jenkins/jenkins-plugins/target/tmp/j h235382240541674445
]]></system-err>
  </testcase>
</testsuite>